0 info it worked if it ends with ok
1 verbose cli [ 'node', '/usr/local/bin/npm', 'start' ]
2 info using npm@1.4.9
3 info using node@v0.10.28
4 verbose run-script [ 'prestart', 'start', 'poststart' ]
5 info prestart MerryKit@0.0.1
6 verbose unsafe-perm in lifecycle true
7 info MerryKit@0.0.1 Failed to exec prestart script
8 error MerryKit@0.0.1 prestart: `node server.js`
8 error Exit status 8
9 error Failed at the MerryKit@0.0.1 prestart script.
9 error This is most likely a problem with the MerryKit package,
9 error not with npm itself.
9 error Tell the author that this fails on your system:
9 error     node server.js
9 error You can get their info via:
9 error     npm owner ls MerryKit
9 error There is likely additional logging output above.
10 error System Darwin 14.0.0
11 error command "node" "/usr/local/bin/npm" "start"
12 error cwd /Users/shivrajrath/Dropbox/Workspace/MerryKit/code
13 error node -v v0.10.28
14 error npm -v 1.4.9
15 error code ELIFECYCLE
16 verbose exit [ 1, true ]
